<?xml version="1.0" encoding="UTF-8"?>
<!-- Generated by org.testng.reporters.JUnitReportReporter -->
<testsuite skipped="0" hostname="Rahul-PC" name="script.TestLoginLogOut" tests="1" failures="0" timestamp="01 Oct 2018 06:52:34 GMT" time="21.972" errors="0">
  <testcase name="testLoginLogout" time="21.972" classname="script.TestLoginLogOut"/>
</testsuite> <!-- script.TestLoginLogOut -->
