<?xml version="1.0" encoding="UTF-8"?>
<!-- Generated by org.testng.reporters.JUnitReportReporter -->
<testsuite skipped="0" hostname="Rahul-PC" name="script.TestDemo" tests="1" failures="0" timestamp="28 Sep 2018 10:08:50 GMT" time="12.592" errors="0">
  <testcase name="testA" time="12.592" classname="script.TestDemo"/>
</testsuite> <!-- script.TestDemo -->
