<?xml version="1.0" encoding="UTF-8"?>
<!-- Generated by org.testng.reporters.JUnitReportReporter -->
<testsuite skipped="0" hostname="Rahul-PC" name="script.TestDemo" tests="1" failures="0" timestamp="27 Sep 2018 06:40:27 GMT" time="14.891" errors="0">
  <testcase name="testA" time="14.891" classname="script.TestDemo"/>
</testsuite> <!-- script.TestDemo -->
